#
# A fatal error has been detected by the Java Runtime Environment:
#
#  EXCEPTION_ACCESS_VIOLATION (0xc0000005) at pc=0x00007ffe7e66de40, pid=16072, tid=7160
#
# JRE version: OpenJDK Runtime Environment JBR-17.0.8.1+7-1063.1-nomod (17.0.8.1+7) (build 17.0.8.1+7-b1063.1)
# Java VM: OpenJDK 64-Bit Server VM JBR-17.0.8.1+7-1063.1-nomod (17.0.8.1+7-b1063.1, mixed mode, tiered, compressed oops, compressed class ptrs, g1 gc, windows-amd64)
# Problematic frame:
# C  [ig9icd64.dll+0x7de40]
#
# No core dump will be written. Minidumps are not enabled by default on client versions of Windows
#
# If you would like to submit a bug report, please visit:
#   https://youtrack.jetbrains.com/issues/JBR
# The crash happened outside the Java Virtual Machine in native code.
# See problematic frame for where to report the bug.
#

---------------  S U M M A R Y ------------

Command Line: -javaagent:C:\programs_app\IntelliJ IDEA 2023.1.3\lib\idea_rt.jar=52854:C:\programs_app\IntelliJ IDEA 2023.1.3\bin -Dfile.encoding=UTF-8 org.example.SphereExample

Host: Intel(R) Core(TM) i3-10110U CPU @ 2.10GHz, 4 cores, 7G,  Windows 10 , 64 bit Build 19041 (10.0.19041.3570)
Time: Wed Nov  8 13:59:43 2023 RTZ 2 (s 10 , 64 bit Build 19041 (10.0.19041.3570) elapsed time: 0.618630 seconds (0d 0h 0m 0s)

---------------  T H R E A D  ---------------

Current thread (0x000001fcde4efa60):  JavaThread "main" [_thread_in_native, id=7160, stack(0x000000da8ed00000,0x000000da8ee00000)]

Stack: [0x000000da8ed00000,0x000000da8ee00000],  sp=0x000000da8edff020,  free space=1020k
Native frames: (J=compiled Java code, j=interpreted, Vv=VM code, C=native code)
C  [ig9icd64.dll+0x7de40]

Java frames: (J=compiled Java code, j=interpreted, Vv=VM code)
j  org.lwjgl.opengl.GL15C.nglBufferData(IJJI)V+0
j  org.lwjgl.opengl.GL15C.glBufferData(ILjava/nio/FloatBuffer;I)V+15
j  org.lwjgl.opengl.GL15.glBufferData(ILjava/nio/FloatBuffer;I)V+3
j  org.example.SphereExample.createSphere()V+267
j  org.example.SphereExample.init()V+200
j  org.example.SphereExample.run()V+1
j  org.example.SphereExample.main([Ljava/lang/String;)V+7
v  ~StubRoutines::call_stub

siginfo: EXCEPTION_ACCESS_VIOLATION (0xc0000005), reading address 0x0000000000000010


Register to memory mapping:

RIP=0x00007ffe7e66de40 ig9icd64.dll
RAX=0x0 is NULL
RBX=0x000001fc82a44740 points into unknown readable memory: 0x000001fcfda10000 | 00 00 a1 fd fc 01 00 00
RCX=0x0 is NULL
RDX=0x0000000000000010 is an unknown value
RSP=0x000000da8edff020 is pointing into the stack for thread: 0x000001fcde4efa60
RBP=0x0000000000002d0c is an unknown value
RSI=0x0000000000000002 is an unknown value
RDI=0x000001fcfda10000 points into unknown readable memory: 0x0000000000000000 | 00 00 00 00 00 00 00 00
R8 =0x0000000000002d0c is an unknown value
R9 =0x000000000000005a is an unknown value
R10=0x0 is NULL
R11=0x000000da8edfefe0 is pointing into the stack for thread: 0x000001fcde4efa60
R12=0x0000000000002d0c is an unknown value
R13=0x0000000000000001 is an unknown value
R14=0x000001fcfc8a8c80 points into unknown readable memory: 0x000001fcfc857980 | 80 79 85 fc fc 01 00 00
R15=0x0000000000000010 is an unknown value


Registers:
RAX=0x0000000000000000, RBX=0x000001fc82a44740, RCX=0x0000000000000000, RDX=0x0000000000000010
RSP=0x000000da8edff020, RBP=0x0000000000002d0c, RSI=0x0000000000000002, RDI=0x000001fcfda10000
R8 =0x0000000000002d0c, R9 =0x000000000000005a, R10=0x0000000000000000, R11=0x000000da8edfefe0
R12=0x0000000000002d0c, R13=0x0000000000000001, R14=0x000001fcfc8a8c80, R15=0x0000000000000010
RIP=0x00007ffe7e66de40, EFLAGS=0x0000000000010206

Top of Stack: (sp=0x000000da8edff020)
0x000000da8edff020:   0000000000000000 0000000000000000
0x000000da8edff030:   3984b75de9000000 0000000000000000
0x000000da8edff040:   000001fcfc7fc6b0 00007ffe7ec5fa33
0x000000da8edff050:   000001fc82a44740 0000000000000002
0x000000da8edff060:   0000000000002d0c 000000da8edff070
0x000000da8edff070:   00007ffed3618701 0000000000000000
0x000000da8edff080:   0000000000000000 0000000000000010
0x000000da8edff090:   0000000000002d0c 000001fcfc8a8c80
0x000000da8edff0a0:   000001fcfc7fc6b0 00007ffe7ecd37d6
0x000000da8edff0b0:   000001fcfc7fc5e0 0000000000000046
0x000000da8edff0c0:   0000000000000001 0000000000000000
0x000000da8edff0d0:   0000000000000010 000000da8edff100
0x000000da8edff0e0:   00007ffed3664e01 000001fc82a90801
0x000000da8edff0f0:   0000000000000000 000000000015775d
0x000000da8edff100:   000001fc8293c7d0 000001fcde4efa60
0x000000da8edff110:   0000000200000006 000001fc00000004 

Instructions: (pc=0x00007ffe7e66de40)
0x00007ffe7e66dd40:   66 0f 60 c0 66 0f 61 c0 66 0f 70 c0 00 66 0f 64
0x00007ffe7e66dd50:   c8 f3 0f 6f 02 49 03 d1 66 0f f7 c1 49 03 f9 41
0x00007ffe7e66dd60:   8b c1 44 8b d1 4c 2b c0 0f 29 74 24 10 4d 8b c8
0x00007ffe7e66dd70:   0f 29 3c 24 49 c1 e9 07 f6 c2 0f 0f 84 af 00 00
0x00007ffe7e66dd80:   00 4d 85 c9 74 6b 66 66 0f 1f 84 00 00 00 00 00
0x00007ffe7e66dd90:   f3 0f 6f 02 41 ff c2 f3 0f 6f 4a 10 41 8b c2 f3
0x00007ffe7e66dda0:   0f 6f 52 20 f3 0f 6f 5a 30 f3 0f 6f 62 40 f3 0f
0x00007ffe7e66ddb0:   6f 6a 50 f3 0f 6f 72 60 f3 0f 6f 7a 70 66 0f e7
0x00007ffe7e66ddc0:   07 66 0f e7 4f 10 66 0f e7 57 20 66 0f e7 5f 30
0x00007ffe7e66ddd0:   66 0f e7 67 40 66 0f e7 6f 50 66 0f e7 77 60 66
0x00007ffe7e66dde0:   0f e7 7f 70 48 83 ef 80 48 83 ea 80 49 3b c1 72
0x00007ffe7e66ddf0:   9f 41 83 e0 7f 0f 84 e0 00 00 00 45 8b d0 44 8b
0x00007ffe7e66de00:   c9 49 c1 ea 04 4d 85 d2 0f 84 cd 00 00 00 66 90
0x00007ffe7e66de10:   f3 0f 6f 02 41 ff c1 48 83 c2 10 41 8b c1 66 0f
0x00007ffe7e66de20:   e7 07 48 83 c7 10 49 3b c2 72 e5 e9 ab 00 00 00
0x00007ffe7e66de30:   4d 85 c9 74 6c 66 66 66 0f 1f 84 00 00 00 00 00
0x00007ffe7e66de40:   f3 0f 6f 02 41 ff c2 f3 0f 6f 4a 10 f3 0f 6f 52
0x00007ffe7e66de50:   20 f3 0f 6f 5a 30 f3 0f 6f 62 40 f3 0f 6f 6a 50
0x00007ffe7e66de60:   f3 0f 6f 72 60 f3 0f 6f 7a 70 48 83 ea 80 66 0f
0x00007ffe7e66de70:   e7 07 66 0f e7 4f 10 66 0f e7 57 20 66 0f e7 5f
0x00007ffe7e66de80:   30 66 0f e7 67 40 66 0f e7 6f 50 66 0f e7 77 60
0x00007ffe7e66de90:   66 0f e7 7f 70 48 83 ef 80 41 8b c2 49 3b c1 72
0x00007ffe7e66dea0:   9f 41 83 e0 7f 74 34 45 8b d0 44 8b c9 49 c1 ea
0x00007ffe7e66deb0:   04 4d 85 d2 74 25 66 66 0f 1f 84 00 00 00 00 00
0x00007ffe7e66dec0:   f3 0f 6f 02 41 ff c1 66 0f e7 07 48 83 c7 10 41
0x00007ffe7e66ded0:   8b c1 48 83 c2 10 49 3b c2 72 e5 0f 28 74 24 10
0x00007ffe7e66dee0:   0f 28 3c 24 41 83 e0 0f 74 49 45 8b d0 44 8b c9
0x00007ffe7e66def0:   49 c1 ea 02 4d 85 d2 74 1e 0f 1f 80 00 00 00 00
0x00007ffe7e66df00:   8b 02 41 ff c1 89 07 48 83 c2 04 48 83 c7 04 41
0x00007ffe7e66df10:   8b c1 49 3b c2 72 e9 41 83 e0 03 76 16 48 2b d7
0x00007ffe7e66df20:   0f b6 04 3a ff c1 88 07 48 8d 7f 01 8b c1 49 3b
0x00007ffe7e66df30:   c0 72 ed 48 83 c4 20 5f c3 cc cc cc cc cc cc cc 


Stack slot to memory mapping:
stack at sp + 0 slots: 0x0 is NULL
stack at sp + 1 slots: 0x0 is NULL
stack at sp + 2 slots: 0x3984b75de9000000 is an unknown value
stack at sp + 3 slots: 0x0 is NULL
stack at sp + 4 slots: 0x000001fcfc7fc6b0 points into unknown readable memory: 0x0000000000000000 | 00 00 00 00 00 00 00 00
stack at sp + 5 slots: 0x00007ffe7ec5fa33 ig9icd64.dll
stack at sp + 6 slots: 0x000001fc82a44740 points into unknown readable memory: 0x000001fcfda10000 | 00 00 a1 fd fc 01 00 00
stack at sp + 7 slots: 0x0000000000000002 is an unknown value


---------------  P R O C E S S  ---------------

Threads class SMR info:
_java_thread_list=0x000001fcfc2d2e60, length=13, elements={
0x000001fcde4efa60, 0x000001fcf7c72610, 0x000001fcf7c73620, 0x000001fcfc012fc0,
0x000001fcfc013890, 0x000001fcfc016170, 0x000001fcfc016a40, 0x000001fcfc018380,
0x000001fcfc018c90, 0x000001fcfc057bf0, 0x000001fcfc0f7fb0, 0x000001fcfc38a170,
0x000001fcfc38a650
}

Java Threads: ( => current thread )
=>0x000001fcde4efa60 JavaThread "main" [_thread_in_native, id=7160, stack(0x000000da8ed00000,0x000000da8ee00000)]
  0x000001fcf7c72610 JavaThread "Reference Handler" daemon [_thread_blocked, id=15292, stack(0x000000da8f400000,0x000000da8f500000)]
  0x000001fcf7c73620 JavaThread "Finalizer" daemon [_thread_blocked, id=16916, stack(0x000000da8f500000,0x000000da8f600000)]
  0x000001fcfc012fc0 JavaThread "Signal Dispatcher" daemon [_thread_blocked, id=11432, stack(0x000000da8f600000,0x000000da8f700000)]
  0x000001fcfc013890 JavaThread "Attach Listener" daemon [_thread_blocked, id=20936, stack(0x000000da8f700000,0x000000da8f800000)]
  0x000001fcfc016170 JavaThread "Service Thread" daemon [_thread_blocked, id=17920, stack(0x000000da8f800000,0x000000da8f900000)]
  0x000001fcfc016a40 JavaThread "Monitor Deflation Thread" daemon [_thread_blocked, id=21276, stack(0x000000da8f900000,0x000000da8fa00000)]
  0x000001fcfc018380 JavaThread "C2 CompilerThread0" daemon [_thread_blocked, id=21416, stack(0x000000da8fa00000,0x000000da8fb00000)]
  0x000001fcfc018c90 JavaThread "C1 CompilerThread0" daemon [_thread_blocked, id=19168, stack(0x000000da8fb00000,0x000000da8fc00000)]
  0x000001fcfc057bf0 JavaThread "Sweeper thread" daemon [_thread_blocked, id=15800, stack(0x000000da8fc00000,0x000000da8fd00000)]
  0x000001fcfc0f7fb0 JavaThread "Common-Cleaner" daemon [_thread_blocked, id=13504, stack(0x000000da8fd00000,0x000000da8fe00000)]
  0x000001fcfc38a170 JavaThread "Monitor Ctrl-Break" daemon [_thread_in_native, id=16964, stack(0x000000da8fe00000,0x000000da8ff00000)]
  0x000001fcfc38a650 JavaThread "Notification Thread" daemon [_thread_blocked, id=11068, stack(0x000000da8ff00000,0x000000da90000000)]

Other Threads:
  0x000001fcf7bf8dc0 VMThread "VM Thread" [stack: 0x000000da8f300000,0x000000da8f400000] [id=10480]
  0x000001fcfc38afb0 WatcherThread [stack: 0x000000da90000000,0x000000da90100000] [id=16668]
  0x000001fcde549ca0 GCTaskThread "GC Thread#0" [stack: 0x000000da8ee00000,0x000000da8ef00000] [id=2808]
  0x000001fcde55a600 ConcurrentGCThread "G1 Main Marker" [stack: 0x000000da8ef00000,0x000000da8f000000] [id=4156]
  0x000001fcde55b6c0 ConcurrentGCThread "G1 Conc#0" [stack: 0x000000da8f000000,0x000000da8f100000] [id=8460]
  0x000001fcde5adb60 ConcurrentGCThread "G1 Refine#0" [stack: 0x000000da8f100000,0x000000da8f200000] [id=20548]
  0x000001fcde5ae4a0 ConcurrentGCThread "G1 Service" [stack: 0x000000da8f200000,0x000000da8f300000] [id=10680]

Threads with active compile tasks:

VM state: not at safepoint (normal execution)

VM Mutex/Monitor currently owned by a thread: None

Heap address: 0x0000000082800000, size: 2008 MB, Compressed Oops mode: 32-bit

CDS archive(s) not mapped
Compressed class space mapped at: 0x0000000100000000-0x0000000140000000, reserved size: 1073741824
Narrow klass base: 0x0000000000000000, Narrow klass shift: 3, Narrow klass range: 0x140000000

GC Precious Log:
 CPUs: 4 total, 4 available
 Memory: 8025M
 Large Page Support: Disabled
 NUMA Support: Disabled
 Compressed Oops: Enabled (32-bit)
 Heap Region Size: 1M
 Heap Min Capacity: 8M
 Heap Initial Capacity: 126M
 Heap Max Capacity: 2008M
 Pre-touch: Disabled
 Parallel Workers: 4
 Concurrent Workers: 1
 Concurrent Refinement Workers: 4
 Periodic GC: Disabled

Heap:
 garbage-first heap   total 129024K, used 8192K [0x0000000082800000, 0x0000000100000000)
  region size 1024K, 9 young (9216K), 0 survivors (0K)
 Metaspace       used 11325K, committed 11456K, reserved 1114112K
  class space    used 892K, committed 960K, reserved 1048576K

Heap Regions: E=young(eden), S=young(survivor), O=old, HS=humongous(starts), HC=humongous(continues), CS=collection set, F=free, OA=open archive, CA=closed archive, TAMS=top-at-mark-start (previous, next)
|   0|0x0000000082800000, 0x0000000082800000, 0x0000000082900000|  0%| F|  |TAMS 0x0000000082800000, 0x0000000082800000| Untracked 
|   1|0x0000000082900000, 0x0000000082900000, 0x0000000082a00000|  0%| F|  |TAMS 0x0000000082900000, 0x0000000082900000| Untracked 
|   2|0x0000000082a00000, 0x0000000082a00000, 0x0000000082b00000|  0%| F|  |TAMS 0x0000000082a00000, 0x0000000082a00000| Untracked 
|   3|0x0000000082b00000, 0x0000000082b00000, 0x0000000082c00000|  0%| F|  |TAMS 0x0000000082b00000, 0x0000000082b00000| Untracked 
|   4|0x0000000082c00000, 0x0000000082c00000, 0x0000000082d00000|  0%| F|  |TAMS 0x0000000082c00000, 0x0000000082c00000| Untracked 
|   5|0x0000000082d00000, 0x0000000082d00000, 0x0000000082e00000|  0%| F|  |TAMS 0x0000000082d00000, 0x0000000082d00000| Untracked 
|   6|0x0000000082e00000, 0x0000000082e00000, 0x0000000082f00000|  0%| F|  |TAMS 0x0000000082e00000, 0x0000000082e00000| Untracked 
|   7|0x0000000082f00000, 0x0000000082f00000, 0x0000000083000000|  0%| F|  |TAMS 0x0000000082f00000, 0x0000000082f00000| Untracked 
|   8|0x0000000083000000, 0x0000000083000000, 0x0000000083100000|  0%| F|  |TAMS 0x0000000083000000, 0x0000000083000000| Untracked 
|   9|0x0000000083100000, 0x0000000083100000, 0x0000000083200000|  0%| F|  |TAMS 0x0000000083100000, 0x0000000083100000| Untracked 
|  10|0x0000000083200000, 0x0000000083200000, 0x0000000083300000|  0%| F|  |TAMS 0x0000000083200000, 0x0000000083200000| Untracked 
|  11|0x0000000083300000, 0x0000000083300000, 0x0000000083400000|  0%| F|  |TAMS 0x0000000083300000, 0x0000000083300000| Untracked 
|  12|0x0000000083400000, 0x0000000083400000, 0x0000000083500000|  0%| F|  |TAMS 0x0000000083400000, 0x0000000083400000| Untracked 
|  13|0x0000000083500000, 0x0000000083500000, 0x0000000083600000|  0%| F|  |TAMS 0x0000000083500000, 0x0000000083500000| Untracked 
|  14|0x0000000083600000, 0x0000000083600000, 0x0000000083700000|  0%| F|  |TAMS 0x0000000083600000, 0x0000000083600000| Untracked 
|  15|0x0000000083700000, 0x0000000083700000, 0x0000000083800000|  0%| F|  |TAMS 0x0000000083700000, 0x0000000083700000| Untracked 
|  16|0x0000000083800000, 0x0000000083800000, 0x0000000083900000|  0%| F|  |TAMS 0x0000000083800000, 0x0000000083800000| Untracked 
|  17|0x0000000083900000, 0x0000000083900000, 0x0000000083a00000|  0%| F|  |TAMS 0x0000000083900000, 0x0000000083900000| Untracked 
|  18|0x0000000083a00000, 0x0000000083a00000, 0x0000000083b00000|  0%| F|  |TAMS 0x0000000083a00000, 0x0000000083a00000| Untracked 
|  19|0x0000000083b00000, 0x0000000083b00000, 0x0000000083c00000|  0%| F|  |TAMS 0x0000000083b00000, 0x0000000083b00000| Untracked 
|  20|0x0000000083c00000, 0x0000000083c00000, 0x0000000083d00000|  0%| F|  |TAMS 0x0000000083c00000, 0x0000000083c00000| Untracked 
|  21|0x0000000083d00000, 0x0000000083d00000, 0x0000000083e00000|  0%| F|  |TAMS 0x0000000083d00000, 0x0000000083d00000| Untracked 
|  22|0x0000000083e00000, 0x0000000083e00000, 0x0000000083f00000|  0%| F|  |TAMS 0x0000000083e00000, 0x0000000083e00000| Untracked 
|  23|0x0000000083f00000, 0x0000000083f00000, 0x0000000084000000|  0%| F|  |TAMS 0x0000000083f00000, 0x0000000083f00000| Untracked 
|  24|0x0000000084000000, 0x0000000084000000, 0x0000000084100000|  0%| F|  |TAMS 0x0000000084000000, 0x0000000084000000| Untracked 
|  25|0x0000000084100000, 0x0000000084100000, 0x0000000084200000|  0%| F|  |TAMS 0x0000000084100000, 0x0000000084100000| Untracked 
|  26|0x0000000084200000, 0x0000000084200000, 0x0000000084300000|  0%| F|  |TAMS 0x0000000084200000, 0x0000000084200000| Untracked 
|  27|0x0000000084300000, 0x0000000084300000, 0x0000000084400000|  0%| F|  |TAMS 0x0000000084300000, 0x0000000084300000| Untracked 
|  28|0x0000000084400000, 0x0000000084400000, 0x0000000084500000|  0%| F|  |TAMS 0x0000000084400000, 0x0000000084400000| Untracked 
|  29|0x0000000084500000, 0x0000000084500000, 0x0000000084600000|  0%| F|  |TAMS 0x0000000084500000, 0x0000000084500000| Untracked 
|  30|0x0000000084600000, 0x0000000084600000, 0x0000000084700000|  0%| F|  |TAMS 0x0000000084600000, 0x0000000084600000| Untracked 
|  31|0x0000000084700000, 0x0000000084700000, 0x0000000084800000|  0%| F|  |TAMS 0x0000000084700000, 0x0000000084700000| Untracked 
|  32|0x0000000084800000, 0x0000000084800000, 0x0000000084900000|  0%| F|  |TAMS 0x0000000084800000, 0x0000000084800000| Untracked 
|  33|0x0000000084900000, 0x0000000084900000, 0x0000000084a00000|  0%| F|  |TAMS 0x0000000084900000, 0x0000000084900000| Untracked 
|  34|0x0000000084a00000, 0x0000000084a00000, 0x0000000084b00000|  0%| F|  |TAMS 0x0000000084a00000, 0x0000000084a00000| Untracked 
|  35|0x0000000084b00000, 0x0000000084b00000, 0x0000000084c00000|  0%| F|  |TAMS 0x0000000084b00000, 0x0000000084b00000| Untracked 
|  36|0x0000000084c00000, 0x0000000084c00000, 0x0000000084d00000|  0%| F|  |TAMS 0x0000000084c00000, 0x0000000084c00000| Untracked 
|  37|0x0000000084d00000, 0x0000000084d00000, 0x0000000084e00000|  0%| F|  |TAMS 0x0000000084d00000, 0x0000000084d00000| Untracked 
|  38|0x0000000084e00000, 0x0000000084e00000, 0x0000000084f00000|  0%| F|  |TAMS 0x0000000084e00000, 0x0000000084e00000| Untracked 
|  39|0x0000000084f00000, 0x0000000084f00000, 0x0000000085000000|  0%| F|  |TAMS 0x0000000084f00000, 0x0000000084f00000| Untracked 
|  40|0x0000000085000000, 0x0000000085000000, 0x0000000085100000|  0%| F|  |TAMS 0x0000000085000000, 0x0000000085000000| Untracked 
|  41|0x0000000085100000, 0x0000000085100000, 0x0000000085200000|  0%| F|  |TAMS 0x0000000085100000, 0x0000000085100000| Untracked 
|  42|0x0000000085200000, 0x0000000085200000, 0x0000000085300000|  0%| F|  |TAMS 0x0000000085200000, 0x0000000085200000| Untracked 
|  43|0x0000000085300000, 0x0000000085300000, 0x0000000085400000|  0%| F|  |TAMS 0x0000000085300000, 0x0000000085300000| Untracked 
|  44|0x0000000085400000, 0x0000000085400000, 0x0000000085500000|  0%| F|  |TAMS 0x0000000085400000, 0x0000000085400000| Untracked 
|  45|0x0000000085500000, 0x0000000085500000, 0x0000000085600000|  0%| F|  |TAMS 0x0000000085500000, 0x0000000085500000| Untracked 
|  46|0x0000000085600000, 0x0000000085600000, 0x0000000085700000|  0%| F|  |TAMS 0x0000000085600000, 0x0000000085600000| Untracked 
|  47|0x0000000085700000, 0x0000000085700000, 0x0000000085800000|  0%| F|  |TAMS 0x0000000085700000, 0x0000000085700000| Untracked 
|  48|0x0000000085800000, 0x0000000085800000, 0x0000000085900000|  0%| F|  |TAMS 0x0000000085800000, 0x0000000085800000| Untracked 
|  49|0x0000000085900000, 0x0000000085900000, 0x0000000085a00000|  0%| F|  |TAMS 0x0000000085900000, 0x0000000085900000| Untracked 
|  50|0x0000000085a00000, 0x0000000085a00000, 0x0000000085b00000|  0%| F|  |TAMS 0x0000000085a00000, 0x0000000085a00000| Untracked 
|  51|0x0000000085b00000, 0x0000000085b00000, 0x0000000085c00000|  0%| F|  |TAMS 0x0000000085b00000, 0x0000000085b00000| Untracked 
|  52|0x0000000085c00000, 0x0000000085c00000, 0x0000000085d00000|  0%| F|  |TAMS 0x0000000085c00000, 0x0000000085c00000| Untracked 
|  53|0x0000000085d00000, 0x0000000085d00000, 0x0000000085e00000|  0%| F|  |TAMS 0x0000000085d00000, 0x0000000085d00000| Untracked 
|  54|0x0000000085e00000, 0x0000000085e00000, 0x0000000085f00000|  0%| F|  |TAMS 0x0000000085e00000, 0x0000000085e00000| Untracked 
|  55|0x0000000085f00000, 0x0000000085f00000, 0x0000000086000000|  0%| F|  |TAMS 0x0000000085f00000, 0x0000000085f00000| Untracked 
|  56|0x0000000086000000, 0x0000000086000000, 0x0000000086100000|  0%| F|  |TAMS 0x0000000086000000, 0x0000000086000000| Untracked 
|  57|0x0000000086100000, 0x0000000086100000, 0x0000000086200000|  0%| F|  |TAMS 0x0000000086100000, 0x0000000086100000| Untracked 
|  58|0x0000000086200000, 0x0000000086200000, 0x0000000086300000|  0%| F|  |TAMS 0x0000000086200000, 0x0000000086200000| Untracked 
|  59|0x0000000086300000, 0x0000000086300000, 0x0000000086400000|  0%| F|  |TAMS 0x0000000086300000, 0x0000000086300000| Untracked 
|  60|0x0000000086400000, 0x0000000086400000, 0x0000000086500000|  0%| F|  |TAMS 0x0000000086400000, 0x0000000086400000| Untracked 
|  61|0x0000000086500000, 0x0000000086500000, 0x0000000086600000|  0%| F|  |TAMS 0x0000000086500000, 0x0000000086500000| Untracked 
|  62|0x0000000086600000, 0x0000000086600000, 0x0000000086700000|  0%| F|  |TAMS 0x0000000086600000, 0x0000000086600000| Untracked 
|  63|0x0000000086700000, 0x0000000086700000, 0x0000000086800000|  0%| F|  |TAMS 0x0000000086700000, 0x0000000086700000| Untracked 
|  64|0x0000000086800000, 0x0000000086800000, 0x0000000086900000|  0%| F|  |TAMS 0x0000000086800000, 0x0000000086800000| Untracked 
|  65|0x0000000086900000, 0x0000000086900000, 0x0000000086a00000|  0%| F|  |TAMS 0x0000000086900000, 0x0000000086900000| Untracked 
|  66|0x0000000086a00000, 0x0000000086a00000, 0x0000000086b00000|  0%| F|  |TAMS 0x0000000086a00000, 0x0000000086a00000| Untracked 
|  67|0x0000000086b00000, 0x0000000086b00000, 0x0000000086c00000|  0%| F|  |TAMS 0x0000000086b00000, 0x0000000086b00000| Untracked 
|  68|0x0000000086c00000, 0x0000000086c00000, 0x0000000086d00000|  0%| F|  |TAMS 0x0000000086c00000, 0x0000000086c00000| Untracked 
|  69|0x0000000086d00000, 0x0000000086d00000, 0x0000000086e00000|  0%| F|  |TAMS 0x0000000086d00000, 0x0000000086d00000| Untracked 
|  70|0x0000000086e00000, 0x0000000086e00000, 0x0000000086f00000|  0%| F|  |TAMS 0x0000000086e00000, 0x0000000086e00000| Untracked 
|  71|0x0000000086f00000, 0x0000000086f00000, 0x0000000087000000|  0%| F|  |TAMS 0x0000000086f00000, 0x0000000086f00000| Untracked 
|  72|0x0000000087000000, 0x0000000087000000, 0x0000000087100000|  0%| F|  |TAMS 0x0000000087000000, 0x0000000087000000| Untracked 
|  73|0x0000000087100000, 0x0000000087100000, 0x0000000087200000|  0%| F|  |TAMS 0x0000000087100000, 0x0000000087100000| Untracked 
|  74|0x0000000087200000, 0x0000000087200000, 0x0000000087300000|  0%| F|  |TAMS 0x0000000087200000, 0x0000000087200000| Untracked 
|  75|0x0000000087300000, 0x0000000087300000, 0x0000000087400000|  0%| F|  |TAMS 0x0000000087300000, 0x0000000087300000| Untracked 
|  76|0x0000000087400000, 0x0000000087400000, 0x0000000087500000|  0%| F|  |TAMS 0x0000000087400000, 0x0000000087400000| Untracked 
|  77|0x0000000087500000, 0x0000000087500000, 0x0000000087600000|  0%| F|  |TAMS 0x0000000087500000, 0x0000000087500000| Untracked 
|  78|0x0000000087600000, 0x0000000087600000, 0x0000000087700000|  0%| F|  |TAMS 0x0000000087600000, 0x0000000087600000| Untracked 
|  79|0x0000000087700000, 0x0000000087700000, 0x0000000087800000|  0%| F|  |TAMS 0x0000000087700000, 0x0000000087700000| Untracked 
|  80|0x0000000087800000, 0x0000000087800000, 0x0000000087900000|  0%| F|  |TAMS 0x0000000087800000, 0x0000000087800000| Untracked 
|  81|0x0000000087900000, 0x0000000087900000, 0x0000000087a00000|  0%| F|  |TAMS 0x0000000087900000, 0x0000000087900000| Untracked 
|  82|0x0000000087a00000, 0x0000000087a00000, 0x0000000087b00000|  0%| F|  |TAMS 0x0000000087a00000, 0x0000000087a00000| Untracked 
|  83|0x0000000087b00000, 0x0000000087b00000, 0x0000000087c00000|  0%| F|  |TAMS 0x0000000087b00000, 0x0000000087b00000| Untracked 
|  84|0x0000000087c00000, 0x0000000087c00000, 0x0000000087d00000|  0%| F|  |TAMS 0x0000000087c00000, 0x0000000087c00000| Untracked 
|  85|0x0000000087d00000, 0x0000000087d00000, 0x0000000087e00000|  0%| F|  |TAMS 0x0000000087d00000, 0x0000000087d00000| Untracked 
|  86|0x0000000087e00000, 0x0000000087e00000, 0x0000000087f00000|  0%| F|  |TAMS 0x0000000087e00000, 0x0000000087e00000| Untracked 
|  87|0x0000000087f00000, 0x0000000087f00000, 0x0000000088000000|  0%| F|  |TAMS 0x0000000087f00000, 0x0000000087f00000| Untracked 
|  88|0x0000000088000000, 0x0000000088000000, 0x0000000088100000|  0%| F|  |TAMS 0x0000000088000000, 0x0000000088000000| Untracked 
|  89|0x0000000088100000, 0x0000000088100000, 0x0000000088200000|  0%| F|  |TAMS 0x0000000088100000, 0x0000000088100000| Untracked 
|  90|0x0000000088200000, 0x0000000088200000, 0x0000000088300000|  0%| F|  |TAMS 0x0000000088200000, 0x0000000088200000| Untracked 
|  91|0x0000000088300000, 0x0000000088300000, 0x0000000088400000|  0%| F|  |TAMS 0x0000000088300000, 0x0000000088300000| Untracked 
|  92|0x0000000088400000, 0x0000000088400000, 0x0000000088500000|  0%| F|  |TAMS 0x0000000088400000, 0x0000000088400000| Untracked 
|  93|0x0000000088500000, 0x0000000088500000, 0x0000000088600000|  0%| F|  |TAMS 0x0000000088500000, 0x0000000088500000| Untracked 
|  94|0x0000000088600000, 0x0000000088600000, 0x0000000088700000|  0%| F|  |TAMS 0x0000000088600000, 0x0000000088600000| Untracked 
|  95|0x0000000088700000, 0x0000000088700000, 0x0000000088800000|  0%| F|  |TAMS 0x0000000088700000, 0x0000000088700000| Untracked 
|  96|0x0000000088800000, 0x0000000088800000, 0x0000000088900000|  0%| F|  |TAMS 0x0000000088800000, 0x0000000088800000| Untracked 
|  97|0x0000000088900000, 0x0000000088900000, 0x0000000088a00000|  0%| F|  |TAMS 0x0000000088900000, 0x0000000088900000| Untracked 
|  98|0x0000000088a00000, 0x0000000088a00000, 0x0000000088b00000|  0%| F|  |TAMS 0x0000000088a00000, 0x0000000088a00000| Untracked 
|  99|0x0000000088b00000, 0x0000000088b00000, 0x0000000088c00000|  0%| F|  |TAMS 0x0000000088b00000, 0x0000000088b00000| Untracked 
| 100|0x0000000088c00000, 0x0000000088c00000, 0x0000000088d00000|  0%| F|  |TAMS 0x0000000088c00000, 0x0000000088c00000| Untracked 
| 101|0x0000000088d00000, 0x0000000088d00000, 0x0000000088e00000|  0%| F|  |TAMS 0x0000000088d00000, 0x0000000088d00000| Untracked 
| 102|0x0000000088e00000, 0x0000000088e00000, 0x0000000088f00000|  0%| F|  |TAMS 0x0000000088e00000, 0x0000000088e00000| Untracked 
| 103|0x0000000088f00000, 0x0000000088f00000, 0x0000000089000000|  0%| F|  |TAMS 0x0000000088f00000, 0x0000000088f00000| Untracked 
| 104|0x0000000089000000, 0x0000000089000000, 0x0000000089100000|  0%| F|  |TAMS 0x0000000089000000, 0x0000000089000000| Untracked 
| 105|0x0000000089100000, 0x0000000089100000, 0x0000000089200000|  0%| F|  |TAMS 0x0000000089100000, 0x0000000089100000| Untracked 
| 106|0x0000000089200000, 0x0000000089200000, 0x0000000089300000|  0%| F|  |TAMS 0x0000000089200000, 0x0000000089200000| Untracked 
| 107|0x0000000089300000, 0x0000000089300000, 0x0000000089400000|  0%| F|  |TAMS 0x0000000089300000, 0x0000000089300000| Untracked 
| 108|0x0000000089400000, 0x0000000089400000, 0x0000000089500000|  0%| F|  |TAMS 0x0000000089400000, 0x0000000089400000| Untracked 
| 109|0x0000000089500000, 0x0000000089500000, 0x0000000089600000|  0%| F|  |TAMS 0x0000000089500000, 0x0000000089500000| Untracked 
| 110|0x0000000089600000, 0x0000000089600000, 0x0000000089700000|  0%| F|  |TAMS 0x0000000089600000, 0x0000000089600000| Untracked 
| 111|0x0000000089700000, 0x0000000089700000, 0x0000000089800000|  0%| F|  |TAMS 0x0000000089700000, 0x0000000089700000| Untracked 
| 112|0x0000000089800000, 0x0000000089800000, 0x0000000089900000|  0%| F|  |TAMS 0x0000000089800000, 0x0000000089800000| Untracked 
| 113|0x0000000089900000, 0x0000000089900000, 0x0000000089a00000|  0%| F|  |TAMS 0x0000000089900000, 0x0000000089900000| Untracked 
| 114|0x0000000089a00000, 0x0000000089a00000, 0x0000000089b00000|  0%| F|  |TAMS 0x0000000089a00000, 0x0000000089a00000| Untracked 
| 115|0x0000000089b00000, 0x0000000089b00000, 0x0000000089c00000|  0%| F|  |TAMS 0x0000000089b00000, 0x0000000089b00000| Untracked 
| 116|0x0000000089c00000, 0x0000000089c00000, 0x0000000089d00000|  0%| F|  |TAMS 0x0000000089c00000, 0x0000000089c00000| Untracked 
| 117|0x0000000089d00000, 0x0000000089d9b468, 0x0000000089e00000| 60%| E|  |TAMS 0x0000000089d00000, 0x0000000089d00000| Complete 
| 118|0x0000000089e00000, 0x0000000089f00000, 0x0000000089f00000|100%| E|CS|TAMS 0x0000000089e00000, 0x0000000089e00000| Complete 
| 119|0x0000000089f00000, 0x000000008a000000, 0x000000008a000000|100%| E|CS|TAMS 0x0000000089f00000, 0x0000000089f00000| Complete 
| 120|0x000000008a000000, 0x000000008a100000, 0x000000008a100000|100%| E|CS|TAMS 0x000000008a000000, 0x000000008a000000| Complete 
| 121|0x000000008a100000, 0x000000008a200000, 0x000000008a200000|100%| E|CS|TAMS 0x000000008a100000, 0x000000008a100000| Complete 
| 122|0x000000008a200000, 0x000000008a300000, 0x000000008a300000|100%| E|CS|TAMS 0x000000008a200000, 0x000000008a200000| Complete 
| 123|0x000000008a300000, 0x000000008a400000, 0x000000008a400000|100%| E|CS|TAMS 0x000000008a300000, 0x000000008a300000| Complete 
| 124|0x000000008a400000, 0x000000008a500000, 0x000000008a500000|100%| E|CS|TAMS 0x000000008a400000, 0x000000008a400000| Complete 
| 125|0x000000008a500000, 0x000000008a600000, 0x000000008a600000|100%| E|CS|TAMS 0x000000008a500000, 0x000000008a500000| Complete 

Card table byte_map: [0x000001fcf10b0000,0x000001fcf14a0000] _byte_map_base: 0x000001fcf0c9c000

Marking Bits (Prev, Next): (CMBitMap*) 0x000001fcde54a1d0, (CMBitMap*) 0x000001fcde54a210
 Prev Bits: [0x000001fcf1890000, 0x000001fcf37f0000)
 Next Bits: [0x000001fcf37f0000, 0x000001fcf5750000)

Polling page: 0x000001fcdc4d0000

Metaspace:

Usage:
  Non-class:     10.19 MB used.
      Class:    892.18 KB used.
       Both:     11.06 MB used.

Virtual space:
  Non-class space:       64.00 MB reserved,      10.25 MB ( 16%) committed,  1 nodes.
      Class space:        1.00 GB reserved,     960.00 KB ( <1%) committed,  1 nodes.
             Both:        1.06 GB reserved,      11.19 MB (  1%) committed. 

Chunk freelists:
   Non-Class:  5.20 MB
       Class:  15.04 MB
        Both:  20.24 MB

MaxMetaspaceSize: unlimited
CompressedClassSpaceSize: 1.00 GB
Initial GC threshold: 21.00 MB
Current GC threshold: 21.00 MB
CDS: off
MetaspaceReclaimPolicy: balanced
 - commit_granule_bytes: 65536.
 - commit_granule_words: 8192.
 - virtual_space_node_default_size: 8388608.
 - enlarge_chunks_in_place: 1.
 - new_chunks_are_fully_committed: 0.
 - uncommit_free_chunks: 1.
 - use_allocation_guard: 0.
 - handle_deallocations: 1.


Internal statistics:

num_allocs_failed_limit: 0.
num_arena_births: 62.
num_arena_deaths: 0.
num_vsnodes_births: 2.
num_vsnodes_deaths: 0.
num_space_committed: 177.
num_space_uncommitted: 0.
num_chunks_returned_to_freelist: 0.
num_chunks_taken_from_freelist: 175.
num_chunk_merges: 0.
num_chunk_splits: 107.
num_chunks_enlarged: 73.
num_inconsistent_stats: 0.

CodeHeap 'non-profiled nmethods': size=120000Kb used=216Kb max_used=216Kb free=119783Kb
 bounds [0x000001fce9790000, 0x000001fce9a00000, 0x000001fcf0cc0000]
CodeHeap 'profiled nmethods': size=120000Kb used=1006Kb max_used=1006Kb free=118993Kb
 bounds [0x000001fce1cc0000, 0x000001fce1f30000, 0x000001fce91f0000]
CodeHeap 'non-nmethods': size=5760Kb used=1602Kb max_used=1618Kb free=4157Kb
 bounds [0x000001fce91f0000, 0x000001fce9460000, 0x000001fce9790000]
 total_blobs=1705 nmethods=669 adapters=949
 compilation: enabled
              stopped_count=0, restarted_count=0
 full_count=0

Compilation events (20 events):
Event: 0.584 Thread 0x000001fcfc018c90 nmethod 659 0x000001fce97c3f90 code [0x000001fce97c4120, 0x000001fce97c41f8]
Event: 0.587 Thread 0x000001fcfc018c90  660       3       java.io.WinNTFileSystem::prefixLength (91 bytes)
Event: 0.588 Thread 0x000001fcfc018c90 nmethod 660 0x000001fce1db6490 code [0x000001fce1db67a0, 0x000001fce1db7b18]
Event: 0.588 Thread 0x000001fcfc018c90  663   !   3       jdk.internal.loader.URLClassPath$JarLoader::getResource (65 bytes)
Event: 0.589 Thread 0x000001fcfc018c90 nmethod 663 0x000001fce1db8190 code [0x000001fce1db83e0, 0x000001fce1db8e08]
Event: 0.589 Thread 0x000001fcfc018c90  661       3       java.util.zip.ZipFile$1::getMetaInfVersions (5 bytes)
Event: 0.589 Thread 0x000001fcfc018c90 nmethod 661 0x000001fce1db9190 code [0x000001fce1db9340, 0x000001fce1db95c8]
Event: 0.589 Thread 0x000001fcfc018c90  662   !   3       java.util.zip.ZipFile::getMetaInfVersions (26 bytes)
Event: 0.589 Thread 0x000001fcfc018380  665       4       java.lang.StringBuilder::append (8 bytes)
Event: 0.589 Thread 0x000001fcfc018c90 nmethod 662 0x000001fce1db9790 code [0x000001fce1db9940, 0x000001fce1db9b68]
Event: 0.589 Thread 0x000001fcfc018c90  664       1       java.lang.NamedPackage::module (5 bytes)
Event: 0.589 Thread 0x000001fcfc018c90 nmethod 664 0x000001fce97c4290 code [0x000001fce97c4420, 0x000001fce97c44f8]
Event: 0.590 Thread 0x000001fcfc018c90  666       3       java.util.jar.JarFile::getVersionedEntry (133 bytes)
Event: 0.591 Thread 0x000001fcfc018c90 nmethod 666 0x000001fce1db9d10 code [0x000001fce1db9fe0, 0x000001fce1dbad98]
Event: 0.595 Thread 0x000001fcfc018c90  669       3       java.util.zip.ZipUtils::CENSIZ (9 bytes)
Event: 0.595 Thread 0x000001fcfc018c90 nmethod 669 0x000001fce1dbb310 code [0x000001fce1dbb4c0, 0x000001fce1dbb798]
Event: 0.596 Thread 0x000001fcfc018380 nmethod 665 0x000001fce97c4590 code [0x000001fce97c4740, 0x000001fce97c4e08]
Event: 0.596 Thread 0x000001fcfc018380  668       4       java.lang.StringLatin1::replace (198 bytes)
Event: 0.606 Thread 0x000001fcfc018380 nmethod 668 0x000001fce97c5210 code [0x000001fce97c53c0, 0x000001fce97c5948]
Event: 0.607 Thread 0x000001fcfc018380  667       4       java.lang.AbstractStringBuilder::putStringAt (12 bytes)

GC Heap History (0 events):
No events

Dll operation events (3 events):
Event: 0.008 Loaded shared library C:\Users\Nikita\.jdks\jbr-17.0.8.1\bin\java.dll
Event: 0.036 Loaded shared library C:\Users\Nikita\.jdks\jbr-17.0.8.1\bin\jsvml.dll
Event: 0.148 Loaded shared library C:\Users\Nikita\.jdks\jbr-17.0.8.1\bin\zip.dll

Deoptimization events (20 events):
Event: 0.494 Thread 0x000001fcde4efa60 DEOPT PACKING pc=0x000001fce1d5fd02 sp=0x000000da8edfe2e0
Event: 0.494 Thread 0x000001fcde4efa60 DEOPT UNPACKING pc=0x000001fce9247143 sp=0x000000da8edfd758 mode 0
Event: 0.494 Thread 0x000001fcde4efa60 DEOPT PACKING pc=0x000001fce1d5fc90 sp=0x000000da8edfe2e0
Event: 0.494 Thread 0x000001fcde4efa60 DEOPT UNPACKING pc=0x000001fce9247143 sp=0x000000da8edfd758 mode 0
Event: 0.495 Thread 0x000001fcde4efa60 DEOPT PACKING pc=0x000001fce1d5fbba sp=0x000000da8edfe2e0
Event: 0.495 Thread 0x000001fcde4efa60 DEOPT UNPACKING pc=0x000001fce9247143 sp=0x000000da8edfd758 mode 0
Event: 0.495 Thread 0x000001fcde4efa60 DEOPT PACKING pc=0x000001fce1d5fbba sp=0x000000da8edfe2e0
Event: 0.495 Thread 0x000001fcde4efa60 DEOPT UNPACKING pc=0x000001fce9247143 sp=0x000000da8edfd758 mode 0
Event: 0.495 Thread 0x000001fcde4efa60 DEOPT PACKING pc=0x000001fce1d5fbba sp=0x000000da8edfe2e0
Event: 0.495 Thread 0x000001fcde4efa60 DEOPT UNPACKING pc=0x000001fce9247143 sp=0x000000da8edfd758 mode 0
Event: 0.495 Thread 0x000001fcde4efa60 DEOPT PACKING pc=0x000001fce1d5fbba sp=0x000000da8edfe2e0
Event: 0.495 Thread 0x000001fcde4efa60 DEOPT UNPACKING pc=0x000001fce9247143 sp=0x000000da8edfd758 mode 0
Event: 0.495 Thread 0x000001fcde4efa60 DEOPT PACKING pc=0x000001fce1d5fd02 sp=0x000000da8edfe2e0
Event: 0.495 Thread 0x000001fcde4efa60 DEOPT UNPACKING pc=0x000001fce9247143 sp=0x000000da8edfd758 mode 0
Event: 0.495 Thread 0x000001fcde4efa60 DEOPT PACKING pc=0x000001fce1d5fc90 sp=0x000000da8edfe2e0
Event: 0.495 Thread 0x000001fcde4efa60 DEOPT UNPACKING pc=0x000001fce9247143 sp=0x000000da8edfd758 mode 0
Event: 0.539 Thread 0x000001fcde4efa60 Uncommon trap: trap_request=0xffffff54 fr.pc=0x000001fce97c0b60 relative=0x0000000000000060
Event: 0.539 Thread 0x000001fcde4efa60 Uncommon trap: reason=speculate_null_assert action=make_not_entrant pc=0x000001fce97c0b60 method=sun.misc.Unsafe.putLong(Ljava/lang/Object;JJ)V @ 7 c2
Event: 0.539 Thread 0x000001fcde4efa60 DEOPT PACKING pc=0x000001fce97c0b60 sp=0x000000da8edfee40
Event: 0.539 Thread 0x000001fcde4efa60 DEOPT UNPACKING pc=0x000001fce92469a3 sp=0x000000da8edfedb8 mode 2

Classes unloaded (0 events):
No events

Classes redefined (0 events):
No events

Internal exceptions (20 events):
Event: 0.216 Thread 0x000001fcfc38a170 Exception <a 'java/lang/NoSuchMethodError'{0x000000008a204728}: 'java.lang.Object java.lang.invoke.DirectMethodHandle$Holder.invokeStaticInit(java.lang.Object)'> (0x000000008a204728) 
thrown [s\src\hotspot\share\interpreter\linkResolver.cpp, line 771]
Event: 0.225 Thread 0x000001fcfc38a170 Exception <a 'java/lang/NoSuchMethodError'{0x000000008a211e28}: 'void java.lang.invoke.DirectMethodHandle$Holder.invokeStatic(java.lang.Object, java.lang.Object)'> (0x000000008a211e28) 
thrown [s\src\hotspot\share\interpreter\linkResolver.cpp, line 771]
Event: 0.238 Thread 0x000001fcde4efa60 Exception <a 'java/lang/NoSuchMethodError'{0x000000008a2c9818}: 'void java.lang.invoke.DirectMethodHandle$Holder.invokeSpecial(java.lang.Object, java.lang.Object, java.lang.Object)'> (0x000000008a2c9818) 
thrown [s\src\hotspot\share\interpreter\linkResolver.cpp, line 771]
Event: 0.242 Thread 0x000001fcde4efa60 Exception <a 'java/lang/NoSuchMethodError'{0x000000008a2dc6a8}: 'java.lang.Object java.lang.invoke.DirectMethodHandle$Holder.invokeStatic(java.lang.Object, java.lang.Object, int)'> (0x000000008a2dc6a8) 
thrown [s\src\hotspot\share\interpreter\linkResolver.cpp, line 771]
Event: 0.243 Thread 0x000001fcde4efa60 Exception <a 'java/lang/NoSuchMethodError'{0x000000008a2e8480}: 'void java.lang.invoke.DelegatingMethodHandle$Holder.delegate(java.lang.Object, java.lang.Object, int, java.lang.Object)'> (0x000000008a2e8480) 
thrown [s\src\hotspot\share\interpreter\linkResolver.cpp, line 771]
Event: 0.244 Thread 0x000001fcde4efa60 Exception <a 'java/lang/NoSuchMethodError'{0x000000008a2ec4b8}: 'int java.lang.invoke.DirectMethodHandle$Holder.invokeSpecial(java.lang.Object, java.lang.Object, java.lang.Object)'> (0x000000008a2ec4b8) 
thrown [s\src\hotspot\share\interpreter\linkResolver.cpp, line 771]
Event: 0.274 Thread 0x000001fcde4efa60 Exception <a 'sun/nio/fs/WindowsException'{0x000000008a138e08}> (0x000000008a138e08) 
thrown [s\src\hotspot\share\prims\jni.cpp, line 517]
Event: 0.274 Thread 0x000001fcde4efa60 Exception <a 'sun/nio/fs/WindowsException'{0x000000008a139360}> (0x000000008a139360) 
thrown [s\src\hotspot\share\prims\jni.cpp, line 517]
Event: 0.342 Thread 0x000001fcde4efa60 Exception <a 'sun/nio/fs/WindowsException'{0x000000008a1c90e0}> (0x000000008a1c90e0) 
thrown [s\src\hotspot\share\prims\jni.cpp, line 517]
Event: 0.342 Thread 0x000001fcde4efa60 Exception <a 'sun/nio/fs/WindowsException'{0x000000008a1c9450}> (0x000000008a1c9450) 
thrown [s\src\hotspot\share\prims\jni.cpp, line 517]
Event: 0.353 Thread 0x000001fcde4efa60 Exception <a 'java/lang/NoSuchMethodError'{0x000000008a015578}: 'int java.lang.invoke.DirectMethodHandle$Holder.invokeStaticInit(java.lang.Object, java.lang.Object, int, long)'> (0x000000008a015578) 
thrown [s\src\hotspot\share\interpreter\linkResolver.cpp, line 771]
Event: 0.354 Thread 0x000001fcde4efa60 Exception <a 'java/lang/NoSuchMethodError'{0x000000008a01ae40}: 'java.lang.Object java.lang.invoke.DirectMethodHandle$Holder.newInvokeSpecial(java.lang.Object, java.lang.Object, int)'> (0x000000008a01ae40) 
thrown [s\src\hotspot\share\interpreter\linkResolver.cpp, line 771]
Event: 0.356 Thread 0x000001fcde4efa60 Exception <a 'java/lang/NoSuchMethodError'{0x000000008a029f20}: 'int java.lang.invoke.DirectMethodHandle$Holder.invokeStaticInit(java.lang.Object, java.lang.Object, long, long)'> (0x000000008a029f20) 
thrown [s\src\hotspot\share\interpreter\linkResolver.cpp, line 771]
Event: 0.357 Thread 0x000001fcde4efa60 Exception <a 'java/lang/NoSuchMethodError'{0x000000008a030030}: 'java.lang.Object java.lang.invoke.DirectMethodHandle$Holder.newInvokeSpecial(java.lang.Object, java.lang.Object, long)'> (0x000000008a030030) 
thrown [s\src\hotspot\share\interpreter\linkResolver.cpp, line 771]
Event: 0.358 Thread 0x000001fcde4efa60 Exception <a 'java/lang/NoSuchMethodError'{0x000000008a034320}: 'java.lang.Object java.lang.invoke.Invokers$Holder.linkToTargetMethod(java.lang.Object, long, java.lang.Object)'> (0x000000008a034320) 
thrown [s\src\hotspot\share\interpreter\linkResolver.cpp, line 771]
Event: 0.359 Thread 0x000001fcde4efa60 Exception <a 'java/lang/NoSuchMethodError'{0x000000008a03ba38}: 'int java.lang.invoke.DirectMethodHandle$Holder.invokeStaticInit(java.lang.Object, java.lang.Object, java.lang.Object, long)'> (0x000000008a03ba38) 
thrown [s\src\hotspot\share\interpreter\linkResolver.cpp, line 771]
Event: 0.482 Thread 0x000001fcde4efa60 Exception <a 'sun/nio/fs/WindowsException'{0x000000008a0e5668}> (0x000000008a0e5668) 
thrown [s\src\hotspot\share\prims\jni.cpp, line 517]
Event: 0.482 Thread 0x000001fcde4efa60 Exception <a 'sun/nio/fs/WindowsException'{0x000000008a0e5a18}> (0x000000008a0e5a18) 
thrown [s\src\hotspot\share\prims\jni.cpp, line 517]
Event: 0.497 Thread 0x000001fcde4efa60 Exception <a 'sun/nio/fs/WindowsException'{0x000000008a0efe28}> (0x000000008a0efe28) 
thrown [s\src\hotspot\share\prims\jni.cpp, line 517]
Event: 0.497 Thread 0x000001fcde4efa60 Exception <a 'sun/nio/fs/WindowsException'{0x000000008a0f0110}> (0x000000008a0f0110) 
thrown [s\src\hotspot\share\prims\jni.cpp, line 517]

VM Operations (4 events):
Event: 0.135 Executing VM operation: HandshakeAllThreads
Event: 0.135 Executing VM operation: HandshakeAllThreads done
Event: 0.214 Executing VM operation: HandshakeAllThreads
Event: 0.214 Executing VM operation: HandshakeAllThreads done

Events (20 events):
Event: 0.498 loading class java/util/Formatter
Event: 0.499 loading class java/util/Formatter done
Event: 0.500 loading class java/util/Locale$Category
Event: 0.500 loading class java/util/Locale$Category done
Event: 0.500 loading class java/util/Formatter$FixedString
Event: 0.500 loading class java/util/Formatter$FormatString
Event: 0.500 loading class java/util/Formatter$FormatString done
Event: 0.500 loading class java/util/Formatter$FixedString done
Event: 0.500 loading class java/util/Formatter$Conversion
Event: 0.500 loading class java/util/Formatter$Conversion done
Event: 0.500 loading class java/util/Formatter$FormatSpecifier
Event: 0.501 loading class java/util/Formatter$FormatSpecifier done
Event: 0.501 loading class java/util/Formatter$Flags
Event: 0.501 loading class java/util/Formatter$Flags done
Event: 0.501 loading class java/util/Formattable
Event: 0.501 loading class java/util/Formattable done
Event: 0.537 loading class java/util/function/IntFunction
Event: 0.537 loading class java/util/function/IntFunction done
Event: 0.596 loading class java/nio/HeapFloatBuffer
Event: 0.596 loading class java/nio/HeapFloatBuffer done


Dynamic libraries:
0x00007ff606650000 - 0x00007ff60665a000 	C:\Users\Nikita\.jdks\jbr-17.0.8.1\bin\java.exe
0x00007fff209f0000 - 0x00007fff20be7000 	C:\WINDOWS\SYSTEM32\ntdll.dll
0x00007fff1fa90000 - 0x00007fff1fb4d000 	C:\WINDOWS\System32\KERNEL32.DLL
0x00007fff1e5e0000 - 0x00007fff1e8d6000 	C:\WINDOWS\System32\KERNELBASE.dll
0x00007fff1e8e0000 - 0x00007fff1e9e0000 	C:\WINDOWS\System32\ucrtbase.dll
0x00007fff0d760000 - 0x00007fff0d77b000 	C:\Users\Nikita\.jdks\jbr-17.0.8.1\bin\VCRUNTIME140.dll
0x00007fff0d780000 - 0x00007fff0d797000 	C:\Users\Nikita\.jdks\jbr-17.0.8.1\bin\jli.dll
0x00007fff1fdd0000 - 0x00007fff1ff6e000 	C:\WINDOWS\System32\USER32.dll
0x00007fff1e5b0000 - 0x00007fff1e5d2000 	C:\WINDOWS\System32\win32u.dll
0x00007ffeff3b0000 - 0x00007ffeff64a000 	C:\WINDOWS\WinSxS\amd64_microsoft.windows.common-controls_6595b64144ccf1df_6.0.19041.3570_none_60bb2a3971f3e41a\COMCTL32.dll
0x00007fff1fda0000 - 0x00007fff1fdcc000 	C:\WINDOWS\System32\GDI32.dll
0x00007fff1fc80000 - 0x00007fff1fd1e000 	C:\WINDOWS\System32\msvcrt.dll
0x00007fff1e3c0000 - 0x00007fff1e4da000 	C:\WINDOWS\System32\gdi32full.dll
0x00007fff1e4e0000 - 0x00007fff1e57d000 	C:\WINDOWS\System32\msvcp_win.dll
0x00007fff1f030000 - 0x00007fff1f060000 	C:\WINDOWS\System32\IMM32.DLL
0x00007fff16390000 - 0x00007fff1639c000 	C:\Users\Nikita\.jdks\jbr-17.0.8.1\bin\vcruntime140_1.dll
0x00007fff043b0000 - 0x00007fff0443d000 	C:\Users\Nikita\.jdks\jbr-17.0.8.1\bin\msvcp140.dll
0x00007ffed2cf0000 - 0x00007ffed3973000 	C:\Users\Nikita\.jdks\jbr-17.0.8.1\bin\server\jvm.dll
0x00007fff20850000 - 0x00007fff208fe000 	C:\WINDOWS\System32\ADVAPI32.dll
0x00007fff20900000 - 0x00007fff2099c000 	C:\WINDOWS\System32\sechost.dll
0x00007fff1eea0000 - 0x00007fff1efc6000 	C:\WINDOWS\System32\RPCRT4.dll
0x00007fff1dfc0000 - 0x00007fff1e00b000 	C:\WINDOWS\SYSTEM32\POWRPROF.dll
0x00007fff0b5d0000 - 0x00007fff0b5d9000 	C:\WINDOWS\SYSTEM32\WSOCK32.dll
0x00007ffeff650000 - 0x00007ffeff677000 	C:\WINDOWS\SYSTEM32\WINMM.dll
0x00007fff1eae0000 - 0x00007fff1eb4b000 	C:\WINDOWS\System32\WS2_32.dll
0x00007fff15e80000 - 0x00007fff15e8a000 	C:\WINDOWS\SYSTEM32\VERSION.dll
0x00007fff1dfa0000 - 0x00007fff1dfb2000 	C:\WINDOWS\SYSTEM32\UMPDC.dll
0x00007fff1c000000 - 0x00007fff1c012000 	C:\WINDOWS\SYSTEM32\kernel.appcore.dll
0x00007fff0d980000 - 0x00007fff0d98a000 	C:\Users\Nikita\.jdks\jbr-17.0.8.1\bin\jimage.dll
0x00007fff19a80000 - 0x00007fff19c64000 	C:\WINDOWS\SYSTEM32\DBGHELP.DLL
0x00007fff15ad0000 - 0x00007fff15b04000 	C:\WINDOWS\SYSTEM32\dbgcore.DLL
0x00007fff1e330000 - 0x00007fff1e3b2000 	C:\WINDOWS\System32\bcryptPrimitives.dll
0x00007fff198f0000 - 0x00007fff198fe000 	C:\Users\Nikita\.jdks\jbr-17.0.8.1\bin\instrument.dll
0x00007fff06b70000 - 0x00007fff06b95000 	C:\Users\Nikita\.jdks\jbr-17.0.8.1\bin\java.dll
0x00007fff0ca30000 - 0x00007fff0ca48000 	C:\Users\Nikita\.jdks\jbr-17.0.8.1\bin\zip.dll
0x00007fff036f0000 - 0x00007fff037c7000 	C:\Users\Nikita\.jdks\jbr-17.0.8.1\bin\jsvml.dll
0x00007fff1f200000 - 0x00007fff1f944000 	C:\WINDOWS\System32\SHELL32.dll
0x00007fff1c200000 - 0x00007fff1c99b000 	C:\WINDOWS\SYSTEM32\windows.storage.dll
0x00007fff1ffd0000 - 0x00007fff20324000 	C:\WINDOWS\System32\combase.dll
0x00007fff1dad0000 - 0x00007fff1dafd000 	C:\WINDOWS\SYSTEM32\Wldp.dll
0x00007fff1ec30000 - 0x00007fff1ecdd000 	C:\WINDOWS\System32\SHCORE.dll
0x00007fff1ff70000 - 0x00007fff1ffc5000 	C:\WINDOWS\System32\shlwapi.dll
0x00007fff1e090000 - 0x00007fff1e0b5000 	C:\WINDOWS\SYSTEM32\profapi.dll
0x00007fff072e0000 - 0x00007fff072f9000 	C:\Users\Nikita\.jdks\jbr-17.0.8.1\bin\net.dll
0x00007fff13680000 - 0x00007fff1378a000 	C:\WINDOWS\SYSTEM32\WINHTTP.dll
0x00007fff1d830000 - 0x00007fff1d89a000 	C:\WINDOWS\system32\mswsock.dll
0x00007fff06b10000 - 0x00007fff06b26000 	C:\Users\Nikita\.jdks\jbr-17.0.8.1\bin\nio.dll
0x00007ffee5ad0000 - 0x00007ffee5aea000 	C:\programs_app\IntelliJ IDEA 2023.1.3\bin\breakgen64.dll
0x00007ffecda10000 - 0x00007ffecda8b000 	C:\Users\Nikita\AppData\Local\Temp\lwjgl_Nikita\3.3.3+5\x64\lwjgl.dll
0x00007ffec87e0000 - 0x00007ffec8862000 	C:\Users\Nikita\AppData\Local\Temp\lwjgl_Nikita\3.3.3+5\x64\glfw.dll
0x00007ffedd390000 - 0x00007ffedd3d5000 	C:\WINDOWS\SYSTEM32\dinput8.dll
0x00007ffee2600000 - 0x00007ffee2611000 	C:\WINDOWS\SYSTEM32\xinput1_4.dll
0x00007fff1e9e0000 - 0x00007fff1ea2e000 	C:\WINDOWS\System32\cfgmgr32.dll
0x00007fff1de20000 - 0x00007fff1de53000 	C:\WINDOWS\SYSTEM32\DEVOBJ.dll
0x00007fff1bd10000 - 0x00007fff1bd3f000 	C:\WINDOWS\SYSTEM32\dwmapi.dll
0x00007ffee43d0000 - 0x00007ffee4522000 	C:\WINDOWS\SYSTEM32\inputhost.dll
0x00007fff1f9c0000 - 0x00007fff1fa8d000 	C:\WINDOWS\System32\OLEAUT32.dll
0x00007fff1b480000 - 0x00007fff1b572000 	C:\WINDOWS\SYSTEM32\CoreMessaging.dll
0x00007fff19df0000 - 0x00007fff19ee6000 	C:\WINDOWS\SYSTEM32\PROPSYS.dll
0x00007fff19c90000 - 0x00007fff19de5000 	C:\WINDOWS\SYSTEM32\wintypes.dll
0x00007fff1ada0000 - 0x00007fff1b0fb000 	C:\WINDOWS\SYSTEM32\CoreUIComponents.dll
0x00007fff1d260000 - 0x00007fff1d293000 	C:\WINDOWS\SYSTEM32\ntmarta.dll
0x00007fff1bb30000 - 0x00007fff1bbce000 	C:\WINDOWS\system32\uxtheme.dll
0x00007fff1f0e0000 - 0x00007fff1f1f4000 	C:\WINDOWS\System32\MSCTF.dll
0x00007ffee38c0000 - 0x00007ffee39e5000 	C:\WINDOWS\SYSTEM32\opengl32.dll
0x00007ffee41a0000 - 0x00007ffee41cc000 	C:\WINDOWS\SYSTEM32\GLU32.dll
0x00007fff207a0000 - 0x00007fff20849000 	C:\WINDOWS\System32\clbcatq.dll
0x00007ffe7e5f0000 - 0x00007ffe7f5f5000 	C:\WINDOWS\System32\DriverStore\FileRepository\iigd_dch.inf_amd64_49f7d4e47b064126\ig9icd64.dll
0x00007fff1fb50000 - 0x00007fff1fc7b000 	C:\WINDOWS\System32\ole32.dll
0x00007fff1ca00000 - 0x00007fff1caf3000 	C:\WINDOWS\system32\dxgi.dll
0x00007ffea0a30000 - 0x00007ffea0e4a000 	C:\WINDOWS\System32\DriverStore\FileRepository\iigd_dch.inf_amd64_49f7d4e47b064126\igdml64.dll
0x00007fff10f30000 - 0x00007fff111b1000 	C:\WINDOWS\System32\DriverStore\FileRepository\iigd_dch.inf_amd64_49f7d4e47b064126\igdgmm64.dll
0x00007fff0dfe0000 - 0x00007fff10e24000 	C:\WINDOWS\System32\DriverStore\FileRepository\iigd_dch.inf_amd64_49f7d4e47b064126\igc64.dll
0x00007fff01d50000 - 0x00007fff01e4a000 	C:\WINDOWS\SYSTEM32\textinputframework.dll
0x00007ffedcf40000 - 0x00007ffedcf9e000 	C:\Users\Nikita\AppData\Local\Temp\lwjgl_Nikita\3.3.3+5\x64\lwjgl_opengl.dll

dbghelp: loaded successfully - version: 4.0.5 - missing functions: none
symbol engine: initialized successfully - sym options: 0x614 - pdb path: .;C:\Users\Nikita\.jdks\jbr-17.0.8.1\bin;C:\WINDOWS\SYSTEM32;C:\WINDOWS\WinSxS\amd64_microsoft.windows.common-controls_6595b64144ccf1df_6.0.19041.3570_none_60bb2a3971f3e41a;C:\Users\Nikita\.jdks\jbr-17.0.8.1\bin\server;C:\programs_app\IntelliJ IDEA 2023.1.3\bin;C:\Users\Nikita\AppData\Local\Temp\lwjgl_Nikita\3.3.3+5\x64;C:\WINDOWS\System32\DriverStore\FileRepository\iigd_dch.inf_amd64_49f7d4e47b064126

VM Arguments:
jvm_args: -javaagent:C:\programs_app\IntelliJ IDEA 2023.1.3\lib\idea_rt.jar=52854:C:\programs_app\IntelliJ IDEA 2023.1.3\bin -Dfile.encoding=UTF-8 
java_command: org.example.SphereExample
java_class_path (initial): C:\Users\Nikita\Desktop\JavaOpenGL\JavaOpenGL\target\classes;C:\Users\Nikita\.m2\repository\org\lwjgl\lwjgl\3.3.3\lwjgl-3.3.3.jar;C:\Users\Nikita\.m2\repository\org\lwjgl\lwjgl-assimp\3.3.3\lwjgl-assimp-3.3.3.jar;C:\Users\Nikita\.m2\repository\org\lwjgl\lwjgl-glfw\3.3.3\lwjgl-glfw-3.3.3.jar;C:\Users\Nikita\.m2\repository\org\lwjgl\lwjgl-openal\3.3.3\lwjgl-openal-3.3.3.jar;C:\Users\Nikita\.m2\repository\org\lwjgl\lwjgl-opengl\3.3.3\lwjgl-opengl-3.3.3.jar;C:\Users\Nikita\.m2\repository\org\lwjgl\lwjgl-shaderc\3.3.3\lwjgl-shaderc-3.3.3.jar;C:\Users\Nikita\.m2\repository\org\lwjgl\lwjgl-stb\3.3.3\lwjgl-stb-3.3.3.jar;C:\Users\Nikita\.m2\repository\org\lwjgl\lwjgl\3.3.3\lwjgl-3.3.3-natives-windows.jar;C:\Users\Nikita\.m2\repository\org\lwjgl\lwjgl-assimp\3.3.3\lwjgl-assimp-3.3.3-natives-windows.jar;C:\Users\Nikita\.m2\repository\org\lwjgl\lwjgl-glfw\3.3.3\lwjgl-glfw-3.3.3-natives-windows.jar;C:\Users\Nikita\.m2\repository\org\lwjgl\lwjgl-openal\3.3.3\lwjgl-openal-3.3.3-natives-windows.jar;C:\Users\Nikita\.m2\repository\org\lwjgl\lwjgl-opengl\3.3.3\lwjgl-opengl-3.3.3-natives-windows.jar;C:\Users\Nikita\.m2\repository\org\lwjgl\lwjgl-shaderc\3.3.3\lwjgl-shaderc-3.3.3-natives-windows.jar;C:\Users\Nikita\.m2\repository\org\lwjgl\lwjgl-stb\3.3.3\lwjgl-stb-3.3.3-natives-windows.jar;C:\Users\Nikita\.m2\repository\org\lwjgl\lwjgl\lwjgl_util\2.9.0\lwjgl_util-2.9.0.jar;C:\Users\Nikita\.m2\repository\org\lwjgl\lwjgl\lwjgl\2.9.0\lwjgl-2.9.0.jar;C:\Users\Nikita\.m2\repository\org\lwjgl\lwjgl\lwjgl-platform\2.9.0\lwjgl-platform-2.9.0-natives-windows.jar;C:\Users\Nikita\.m2\repository\org\lwjgl\lwjgl\lwjgl-platform\2.9.0\lwjgl-platform-2.9.0-natives-linux.jar;C:\Users\Nikita\.m2\repository\org\lwjgl\lwjgl\lwjgl-platform\2.9.0\lwjgl-platform-2.9.0-natives-osx.jar;C:\Users\Nikita\.m2\repository\net\java\jinput\jinput\2.0.5\jinput-2.0.5.jar;C:\Users\Nikita\.m2\repository\net\java\jutils\jutils\1.0.0\jutils-1.0.0.jar;C:\Users\Nikita\.m2\repository\net\java\jinpu
Launcher Type: SUN_STANDARD

[Global flags]
     intx CICompilerCount                          = 3                                         {product} {ergonomic}
     uint ConcGCThreads                            = 1                                         {product} {ergonomic}
     uint G1ConcRefinementThreads                  = 4                                         {product} {ergonomic}
   size_t G1HeapRegionSize                         = 1048576                                   {product} {ergonomic}
    uintx GCDrainStackTargetSize                   = 64                                        {product} {ergonomic}
   size_t InitialHeapSize                          = 132120576                                 {product} {ergonomic}
   size_t MarkStackSize                            = 4194304                                   {product} {ergonomic}
   size_t MaxHeapSize                              = 2105540608                                {product} {ergonomic}
   size_t MaxNewSize                               = 1262485504                                {product} {ergonomic}
   size_t MinHeapDeltaBytes                        = 1048576                                   {product} {ergonomic}
   size_t MinHeapSize                              = 8388608                                   {product} {ergonomic}
    uintx NonNMethodCodeHeapSize                   = 5832780                                {pd product} {ergonomic}
    uintx NonProfiledCodeHeapSize                  = 122912730                              {pd product} {ergonomic}
    uintx ProfiledCodeHeapSize                     = 122912730                              {pd product} {ergonomic}
    uintx ReservedCodeCacheSize                    = 251658240                              {pd product} {ergonomic}
     bool SegmentedCodeCache                       = true                                      {product} {ergonomic}
   size_t SoftMaxHeapSize                          = 2105540608                             {manageable} {ergonomic}
     bool UseCompressedClassPointers               = true                           {product lp64_product} {ergonomic}
     bool UseCompressedOops                        = true                           {product lp64_product} {ergonomic}
     bool UseG1GC                                  = true                                      {product} {ergonomic}
     bool UseLargePagesIndividualAllocation        = false                                  {pd product} {ergonomic}

Logging:
Log output configuration:
 #0: stdout all=warning uptime,level,tags
 #1: stderr all=off uptime,level,tags

Environment Variables:
PATH=C:\WINDOWS\system32;C:\WINDOWS;C:\WINDOWS\System32\Wbem;C:\WINDOWS\System32\WindowsPowerShell\v1.0\;C:\WINDOWS\System32\OpenSSH\;C:\programs_app\Git\cmd;C:\Program Files\Microsoft SQL Server\150\Tools\Binn\;C:\Program Files\dotnet\;C:\programs_app\matLab\runtime\win64;C:\programs_app\matLab\bin;C:\flutter\bin;C:\Users\Nikita\AppData\Local\Programs\Python\Python311\Scripts\;C:\Users\Nikita\AppData\Local\Programs\Python\Python311\;C:\Users\Nikita\AppData\Local\Microsoft\WindowsApps;C:\Users\Nikita\.dotnet\tools
USERNAME=Nikita
OS=Windows_NT
PROCESSOR_IDENTIFIER=Intel64 Family 6 Model 142 Stepping 12, GenuineIntel
TMP=C:\Users\Nikita\AppData\Local\Temp
TEMP=C:\Users\Nikita\AppData\Local\Temp


JNI global refs:
JNI global refs: 14, weak refs: 0

JNI global refs memory usage: 843, weak refs: 841

OOME stack traces (most recent first):
Classloader memory used:
Loader bootstrap                                                                       : 1145K
Loader jdk.internal.loader.ClassLoaders$AppClassLoader                                 : 270K


---------------  S Y S T E M  ---------------

OS:
 Windows 10 , 64 bit Build 19041 (10.0.19041.3570)
OS uptime: 0 days 22:58 hours

CPU: total 4 (initial active 4) (2 cores per cpu, 2 threads per core) family 6 model 142 stepping 12 microcode 0xde, cx8, cmov, fxsr, ht, mmx, 3dnowpref, sse, sse2, sse3, ssse3, sse4.1, sse4.2, popcnt, lzcnt, tsc, tscinvbit, avx, avx2, aes, erms, clmul, bmi1, bmi2, adx, fma, vzeroupper, clflush, clflushopt
Processor Information for all 4 processors :
  Max Mhz: 2592, Current Mhz: 2592, Mhz Limit: 2073

Memory: 4k page, system-wide physical 8025M (543M free)
TotalPageFile size 23897M (AvailPageFile size 9132M)
current process WorkingSet (physical memory assigned to process): 92M, peak: 92M
current process commit charge ("private bytes"): 218M, peak: 219M

vm_info: OpenJDK 64-Bit Server VM (17.0.8.1+7-b1063.1) for windows-amd64 JRE (17.0.8.1+7-b1063.1), built on 2023-09-22 by "builduser" with MS VC++ 16.10 / 16.11 (VS2019)

END.
